<?xml version="1.0" encoding="UTF-8"?>
<testsuite xmlns:xsi="http://www.w3.org/2001/XMLSchema-instance" xsi:noNamespaceSchemaLocation="https://maven.apache.org/surefire/maven-surefire-plugin/xsd/surefire-test-report-3.0.xsd" version="3.0" name="com.ejemplo.saludo_service.SaludoServiceApplicationTests" time="7.13" tests="1" errors="0" skipped="0" failures="0">
  <properties>
[...]
</properties>
  <testcase name="contextLoads" classname="com.ejemplo.saludo_service.SaludoServiceApplicationTests" time="2.31">
    <system-out><![CDATA[21:53:37.470 [main] INFO org.springframework.test.context.support.AnnotationConfigContextLoaderUtils -- Could not detect default configuration classes for test class [com.ejemplo.saludo_service.SaludoServiceApplicationTests]: SaludoServiceApplicationTests does not declare any static, non-private, non-final, nested classes annotated with @Configuration.
21:53:37.770 [main] INFO org.springframework.boot.test.context.SpringBootTestContextBootstrapper -- Found @SpringBootConfiguration com.ejemplo.saludo_service.SaludoServiceApplication for test class com.ejemplo.saludo_service.SaludoServiceApplicationTests

  .   ____          _            __ _ _
 /\\ / ___'_ __ _ _(_)_ __  __ _ \ \ \ \
( ( )\___ | '_ | '_| | '_ \/ _` | \ \ \ \
 \\/  ___)| |_)| | | | | || (_| |  ) ) ) )
  '  |____| .__|_| |_|_| |_\__, | / / / /
 =========|_|==============|___/=/_/_/_/

 :: Spring Boot ::                (v3.3.5)

2024-11-03T21:53:38.824-06:00  INFO 6132 --- [saludo-service] [           main] c.e.s.SaludoServiceApplicationTests      : Starting SaludoServiceApplicationTests using Java 17.0.13 with PID 6132 (started by Hammurabi Luna in C:\Users\Hammurabi Luna\microservicio\saludo-service)
2024-11-03T21:53:38.831-06:00  INFO 6132 --- [saludo-service] [           main] c.e.s.SaludoServiceApplicationTests      : No active profile set, falling back to 1 default profile: "default"
2024-11-03T21:53:41.804-06:00  INFO 6132 --- [saludo-service] [           main] c.e.s.SaludoServiceApplicationTests      : Started SaludoServiceApplicationTests in 3.667 seconds (process running for 6.09)
]]></system-out>
  </testcase>
</testsuite>